-------------------------------------------------------------------------------
Test set: com.poc.application.poc1.UserResourceTest
-------------------------------------------------------------------------------
Tests run: 1, Failures: 1, Errors: 0, Skipped: 0, Time elapsed: 0.148 s <<< FAILURE! - in com.poc.application.poc1.UserResourceTest
testCreate  Time elapsed: 0.147 s  <<< FAILURE!
java.lang.AssertionError: Should return status 201 expected:<201> but was:<404>
	at com.poc.application.poc1.UserResourceTest.testCreate(UserResourceTest.java:33)

