<?xml version="1.0" encoding="UTF-8"?>
<testsuite xmlns:xsi="http://www.w3.org/2001/XMLSchema-instance" xsi:noNamespaceSchemaLocation="https://maven.apache.org/surefire/maven-surefire-plugin/xsd/surefire-test-report-3.0.xsd" version="3.0" name="com.poc.application.poc1.ItemResourceTest" time="9.877" tests="4" errors="0" skipped="0" failures="1">
  <properties>
[...]
</properties>
  <testcase name="testGet" classname="com.poc.application.poc1.ItemResourceTest" time="7.96"/>
  <testcase name="testCreate" classname="com.poc.application.poc1.ItemResourceTest" time="1.118"/>
  <testcase name="testDelete" classname="com.poc.application.poc1.ItemResourceTest" time="0.382"/>
  <testcase name="testUpdate" classname="com.poc.application.poc1.ItemResourceTest" time="0.35">
    <failure message="Should return status 204 expected:&lt;204&gt; but was:&lt;201&gt;" type="java.lang.AssertionError"><![CDATA[java.lang.AssertionError: Should return status 204 expected:<204> but was:<201>
	at com.poc.application.poc1.ItemResourceTest.testUpdate(ItemResourceTest.java:49)
]]></failure>
    <system-out><![CDATA[Hibernate: 
    select
        i1_0.item_id,
        i1_0.description,
        i1_0.name,
        i1_0.price 
    from
        Item_Detail i1_0 
    where
        i1_0.item_id=?
Hibernate: 
    insert 
    into
        Item_Detail
        (description, name, price, item_id) 
    values
        (?, ?, ?, ?)
]]></system-out>
    <system-err><![CDATA[Aug 30, 2022 11:27:43 AM org.glassfish.jersey.test.jetty.JettyTestContainerFactory$JettyTestContainer <init>
INFO: Creating JettyTestContainer configured at the base URI http://localhost:9998/
Aug 30, 2022 11:27:43 AM org.hibernate.jpa.internal.util.LogHelper logPersistenceUnitInformation
INFO: HHH000204: Processing PersistenceUnitInfo [name: JPAConfig]
Aug 30, 2022 11:27:43 AM org.hibernate.resource.beans.spi.ManagedBeanRegistryInitiator resolveBeanContainer
INFO: HHH10005002: No explicit CDI BeanManager reference was passed to Hibernate, but CDI is available on the Hibernate ClassLoader.
Aug 30, 2022 11:27:43 AM org.hibernate.engine.jdbc.connections.internal.DriverManagerConnectionProviderImpl configure
WARN: HHH10001002: Using built-in connection pool (not intended for production use)
Aug 30, 2022 11:27:43 AM org.hibernate.engine.jdbc.connections.internal.DriverManagerConnectionProviderImpl buildCreator
INFO: HHH10001005: Loaded JDBC driver class: org.h2.Driver
Aug 30, 2022 11:27:43 AM org.hibernate.engine.jdbc.connections.internal.DriverManagerConnectionProviderImpl buildCreator
INFO: HHH10001012: Connecting with JDBC URL [jdbc:h2:mem:/poc1]
Aug 30, 2022 11:27:43 AM org.hibernate.engine.jdbc.connections.internal.DriverManagerConnectionProviderImpl buildCreator
INFO: HHH10001001: Connection properties: {password=****, user=sa}
Aug 30, 2022 11:27:43 AM org.hibernate.engine.jdbc.connections.internal.DriverManagerConnectionProviderImpl buildCreator
INFO: HHH10001003: Autocommit mode: false
Aug 30, 2022 11:27:43 AM org.hibernate.engine.jdbc.connections.internal.DriverManagerConnectionProviderImpl$PooledConnections <init>
INFO: HHH10001115: Connection pool size: 20 (min=1)
Aug 30, 2022 11:27:43 AM org.hibernate.engine.jdbc.dialect.internal.DialectFactoryImpl logSelectedDialect
INFO: HHH000400: Using dialect: org.hibernate.dialect.H2Dialect
Aug 30, 2022 11:27:43 AM org.hibernate.resource.transaction.backend.jdbc.internal.DdlTransactionIsolatorNonJtaImpl getIsolatedConnection
INFO: HHH10001501: Connection obtained from JdbcConnectionAccess [org.hibernate.engine.jdbc.env.internal.JdbcEnvironmentInitiator$ConnectionProviderJdbcConnectionAccess@70563770] for (non-JTA) DDL execution was not in auto-commit mode; the Connection 'local transaction' will be committed and the Connection will be set into auto-commit mode.
Aug 30, 2022 11:27:43 AM org.hibernate.engine.transaction.jta.platform.internal.JtaPlatformInitiator initiateService
INFO: HHH000490: Using JtaPlatform implementation: [org.hibernate.engine.transaction.jta.platform.internal.NoJtaPlatform]
]]></system-err>
  </testcase>
</testsuite>